<html>
<head>
<title>TestNG:  crmtestcases</title>
<link href="../testng.css" rel="stylesheet" type="text/css" />
<link href="../my-testng.css" rel="stylesheet" type="text/css" />

<style type="text/css">
.log { display: none;} 
.stack-trace { display: none;} 
</style>
<script type="text/javascript">
<!--
function flip(e) {
  current = e.style.display;
  if (current == 'block') {
    e.style.display = 'none';
    return 0;
  }
  else {
    e.style.display = 'block';
    return 1;
  }
}

function toggleBox(szDivId, elem, msg1, msg2)
{
  var res = -1;  if (document.getElementById) {
    res = flip(document.getElementById(szDivId));
  }
  else if (document.all) {
    // this is the way old msie versions work
    res = flip(document.all[szDivId]);
  }
  if(elem) {
    if(res == 0) elem.innerHTML = msg1; else elem.innerHTML = msg2;
  }

}

function toggleAllBoxes() {
  if (document.getElementsByTagName) {
    d = document.getElementsByTagName('div');
    for (i = 0; i < d.length; i++) {
      if (d[i].className == 'log') {
        flip(d[i]);
      }
    }
  }
}

// -->
</script>

</head>
<body>
<h2 align='center'>crmtestcases</h2><table border='1' align="center">
<tr>
<td>Tests passed/Failed/Skipped:</td><td>0/1/9</td>
</tr><tr>
<td>Started on:</td><td>Wed Apr 25 22:06:25 IST 2018</td>
</tr>
<tr><td>Total time:</td><td>63 seconds (63838 ms)</td>
</tr><tr>
<td>Included groups:</td><td></td>
</tr><tr>
<td>Excluded groups:</td><td></td>
</tr>
</table><p/>
<small><i>(Hover the method name to see the test class name)</i></small><p/>
<table width='100%' border='1' class='invocation-failed'>
<tr><td colspan='4' align='center'><b>FAILED CONFIGURATIONS</b></td></tr>
<tr><td><b>Test method</b></td>
<td width="30%"><b>Exception</b></td>
<td width="10%"><b>Time (seconds)</b></td>
<td><b>Instance</b></td>
</tr>
<tr>
<td title='com_crm_qa_test.LoginPageTest.setUp()'><b>setUp</b><br>Test class: com_crm_qa_test.LoginPageTest</td>
<td><div><pre>org.openqa.selenium.TimeoutException: Timeout loading page after 20000ms
Build info: version: &apos;3.8.1&apos;, revision: &apos;6e95a6684b&apos;, time: &apos;2017-12-01T18:33:54.468Z&apos;
System info: host: &apos;PARAG-PC&apos;, ip: &apos;192.168.225.200&apos;, os.name: &apos;Windows 7&apos;, os.arch: &apos;amd64&apos;, os.version: &apos;6.1&apos;, java.version: &apos;1.8.0_151&apos;
Driver info: org.openqa.selenium.firefox.FirefoxDriver
Capabilities {acceptInsecureCerts: true, browserName: firefox, browserVersion: 54.0.1, javascriptEnabled: true, moz:accessibilityChecks: false, moz:processID: 716, moz:profile: C:\Users\Parag\AppData\Loca..., pageLoadStrategy: normal, platform: XP, platformName: XP, platformVersion: 6.1, rotatable: false, specificationLevel: 0, timeouts: {implicit: 0, pageLoad: 300000, script: 30000}}
Session ID: e5f2685d-719b-4240-a0a6-28d30b05542e
	at org.openqa.selenium.remote.http.W3CHttpResponseCodec.createException(W3CHttpResponseCodec.java:187)
	at org.openqa.selenium.remote.http.W3CHttpResponseCodec.decode(W3CHttpResponseCodec.java:122)
	at org.openqa.selenium.remote.http.W3CHttpResponseCodec.decode(W3CHttpResponseCodec.java:49)
	at org.openqa.selenium.remote.HttpCommandExecutor.execute(HttpCommandExecutor.java:164)
	at org.openqa.selenium.remote.service.DriverCommandExecutor.execute(DriverCommandExecutor.java:83)
	at org.openqa.selenium.remote.RemoteWebDriver.execute(RemoteWebDriver.java:601)
	at org.openqa.selenium.remote.RemoteWebDriver.get(RemoteWebDriver.java:325)
	at org.openqa.selenium.support.events.EventFiringWebDriver$2.invoke(EventFiringWebDriver.java:108)
	at com.sun.proxy.$Proxy11.get(Unknown Source)
	at org.openqa.selenium.support.events.EventFiringWebDriver.get(EventFiringWebDriver.java:167)
	at com_crm_qa_base.TestBase.initalization(TestBase.java:65)
	at com_crm_qa_test.LoginPageTest.setUp(LoginPageTest.java:28)
	at java.util.concurrent.FutureTask.run(Unknown Source)
	at java.util.concurrent.ThreadPoolExecutor.runWorker(Unknown Source)
	at java.util.concurrent.ThreadPoolExecutor$Worker.run(Unknown Source)
	at java.lang.Thread.run(Unknown Source)
... Removed 22 stack frames</pre></div><a href='#' onClick='toggleBox("stack-trace26861039", this, "Click to show all stack frames", "Click to hide stack frames")'>Click to show all stack frames</a>
<div class='stack-trace' id='stack-trace26861039'><pre>org.openqa.selenium.TimeoutException: Timeout loading page after 20000ms
Build info: version: &apos;3.8.1&apos;, revision: &apos;6e95a6684b&apos;, time: &apos;2017-12-01T18:33:54.468Z&apos;
System info: host: &apos;PARAG-PC&apos;, ip: &apos;192.168.225.200&apos;, os.name: &apos;Windows 7&apos;, os.arch: &apos;amd64&apos;, os.version: &apos;6.1&apos;, java.version: &apos;1.8.0_151&apos;
Driver info: org.openqa.selenium.firefox.FirefoxDriver
Capabilities {acceptInsecureCerts: true, browserName: firefox, browserVersion: 54.0.1, javascriptEnabled: true, moz:accessibilityChecks: false, moz:processID: 716, moz:profile: C:\Users\Parag\AppData\Loca..., pageLoadStrategy: normal, platform: XP, platformName: XP, platformVersion: 6.1, rotatable: false, specificationLevel: 0, timeouts: {implicit: 0, pageLoad: 300000, script: 30000}}
Session ID: e5f2685d-719b-4240-a0a6-28d30b05542e
	at sun.reflect.NativeConstructorAccessorImpl.newInstance0(Native Method)
	at sun.reflect.NativeConstructorAccessorImpl.newInstance(Unknown Source)
	at sun.reflect.DelegatingConstructorAccessorImpl.newInstance(Unknown Source)
	at java.lang.reflect.Constructor.newInstance(Unknown Source)
	at org.openqa.selenium.remote.http.W3CHttpResponseCodec.createException(W3CHttpResponseCodec.java:187)
	at org.openqa.selenium.remote.http.W3CHttpResponseCodec.decode(W3CHttpResponseCodec.java:122)
	at org.openqa.selenium.remote.http.W3CHttpResponseCodec.decode(W3CHttpResponseCodec.java:49)
	at org.openqa.selenium.remote.HttpCommandExecutor.execute(HttpCommandExecutor.java:164)
	at org.openqa.selenium.remote.service.DriverCommandExecutor.execute(DriverCommandExecutor.java:83)
	at org.openqa.selenium.remote.RemoteWebDriver.execute(RemoteWebDriver.java:601)
	at org.openqa.selenium.remote.RemoteWebDriver.get(RemoteWebDriver.java:325)
	at sun.reflect.NativeMethodAccessorImpl.invoke0(Native Method)
	at sun.reflect.NativeMethodAccessorImpl.invoke(Unknown Source)
	at sun.reflect.DelegatingMethodAccessorImpl.invoke(Unknown Source)
	at java.lang.reflect.Method.invoke(Unknown Source)
	at org.openqa.selenium.support.events.EventFiringWebDriver$2.invoke(EventFiringWebDriver.java:108)
	at com.sun.proxy.$Proxy11.get(Unknown Source)
	at org.openqa.selenium.support.events.EventFiringWebDriver.get(EventFiringWebDriver.java:167)
	at com_crm_qa_base.TestBase.initalization(TestBase.java:65)
	at com_crm_qa_test.LoginPageTest.setUp(LoginPageTest.java:28)
	at sun.reflect.NativeMethodAccessorImpl.invoke0(Native Method)
	at sun.reflect.NativeMethodAccessorImpl.invoke(Unknown Source)
	at sun.reflect.DelegatingMethodAccessorImpl.invoke(Unknown Source)
	at java.lang.reflect.Method.invoke(Unknown Source)
	at org.testng.internal.MethodInvocationHelper.invokeMethod(MethodInvocationHelper.java:80)
	at org.testng.internal.Invoker.invokeConfigurationMethod(Invoker.java:564)
	at org.testng.internal.Invoker.invokeConfigurations(Invoker.java:213)
	at org.testng.internal.Invoker.invokeConfigurations(Invoker.java:138)
	at org.testng.TestRunner.beforeRun(TestRunner.java:641)
	at org.testng.TestRunner.run(TestRunner.java:609)
	at org.testng.SuiteRunner.runTest(SuiteRunner.java:334)
	at org.testng.SuiteRunner.access$000(SuiteRunner.java:37)
	at org.testng.SuiteRunner$SuiteWorker.run(SuiteRunner.java:368)
	at org.testng.internal.thread.ThreadUtil$2.call(ThreadUtil.java:64)
	at java.util.concurrent.FutureTask.run(Unknown Source)
	at java.util.concurrent.ThreadPoolExecutor.runWorker(Unknown Source)
	at java.util.concurrent.ThreadPoolExecutor$Worker.run(Unknown Source)
	at java.lang.Thread.run(Unknown Source)
</pre></div></td>
<td>0</td>
<td>null</td></tr>
</table><p>
<table width='100%' border='1' class='invocation-skipped'>
<tr><td colspan='4' align='center'><b>SKIPPED CONFIGURATIONS</b></td></tr>
<tr><td><b>Test method</b></td>
<td width="30%"><b>Exception</b></td>
<td width="10%"><b>Time (seconds)</b></td>
<td><b>Instance</b></td>
</tr>
<tr>
<td title='com_crm_qa_test.HomePageTest.setUp()'><b>setUp</b><br>Test class: com_crm_qa_test.HomePageTest</td>
<td></td>
<td>0</td>
<td>com_crm_qa_test.HomePageTest@56235b8e</td></tr>
<tr>
<td title='com_crm_qa_test.ContactPageTest.setUp()'><b>setUp</b><br>Test class: com_crm_qa_test.ContactPageTest</td>
<td></td>
<td>0</td>
<td>com_crm_qa_test.ContactPageTest@3e9b1010</td></tr>
<tr>
<td title='com_crm_qa_test.HomePageTest.setUp()'><b>setUp</b><br>Test class: com_crm_qa_test.HomePageTest</td>
<td></td>
<td>0</td>
<td>com_crm_qa_test.HomePageTest@56235b8e</td></tr>
<tr>
<td title='com_crm_qa_test.HomePageTest.setUp()'><b>setUp</b><br>Test class: com_crm_qa_test.HomePageTest</td>
<td></td>
<td>0</td>
<td>com_crm_qa_test.HomePageTest@56235b8e</td></tr>
<tr>
<td title='com_crm_qa_test.ContactPageTest.setUp()'><b>setUp</b><br>Test class: com_crm_qa_test.ContactPageTest</td>
<td></td>
<td>0</td>
<td>com_crm_qa_test.ContactPageTest@3e9b1010</td></tr>
<tr>
<td title='com_crm_qa_test.ContactPageTest.setUp()'><b>setUp</b><br>Test class: com_crm_qa_test.ContactPageTest</td>
<td></td>
<td>0</td>
<td>com_crm_qa_test.ContactPageTest@3e9b1010</td></tr>
<tr>
<td title='com_crm_qa_test.HomePageTest.tearDown()'><b>tearDown</b><br>Test class: com_crm_qa_test.HomePageTest</td>
<td></td>
<td>0</td>
<td>com_crm_qa_test.HomePageTest@56235b8e</td></tr>
<tr>
<td title='com_crm_qa_test.ContactPageTest.teardown()'><b>teardown</b><br>Test class: com_crm_qa_test.ContactPageTest</td>
<td></td>
<td>0</td>
<td>com_crm_qa_test.ContactPageTest@3e9b1010</td></tr>
<tr>
<td title='com_crm_qa_test.HomePageTest.tearDown()'><b>tearDown</b><br>Test class: com_crm_qa_test.HomePageTest</td>
<td></td>
<td>0</td>
<td>com_crm_qa_test.HomePageTest@56235b8e</td></tr>
<tr>
<td title='com_crm_qa_test.HomePageTest.tearDown()'><b>tearDown</b><br>Test class: com_crm_qa_test.HomePageTest</td>
<td></td>
<td>0</td>
<td>com_crm_qa_test.HomePageTest@56235b8e</td></tr>
<tr>
<td title='com_crm_qa_test.ContactPageTest.teardown()'><b>teardown</b><br>Test class: com_crm_qa_test.ContactPageTest</td>
<td></td>
<td>0</td>
<td>com_crm_qa_test.ContactPageTest@3e9b1010</td></tr>
<tr>
<td title='com_crm_qa_test.ContactPageTest.teardown()'><b>teardown</b><br>Test class: com_crm_qa_test.ContactPageTest</td>
<td></td>
<td>0</td>
<td>com_crm_qa_test.ContactPageTest@3e9b1010</td></tr>
<tr>
<td title='com_crm_qa_test.LoginPageTest.tearDown()'><b>tearDown</b><br>Test class: com_crm_qa_test.LoginPageTest</td>
<td></td>
<td>0</td>
<td>null</td></tr>
</table><p>
<table width='100%' border='1' class='invocation-skipped'>
<tr><td colspan='4' align='center'><b>SKIPPED TESTS</b></td></tr>
<tr><td><b>Test method</b></td>
<td width="30%"><b>Exception</b></td>
<td width="10%"><b>Time (seconds)</b></td>
<td><b>Instance</b></td>
</tr>
<tr>
<td title='com_crm_qa_test.LoginPageTest.crmLogoImageTest()'><b>crmLogoImageTest</b><br>Test class: com_crm_qa_test.LoginPageTest</td>
<td></td>
<td>0</td>
<td>com_crm_qa_test.LoginPageTest@6c3708b3</td></tr>
<tr>
<td title='com_crm_qa_test.LoginPageTest.loginPageTitleTest()'><b>loginPageTitleTest</b><br>Test class: com_crm_qa_test.LoginPageTest</td>
<td></td>
<td>0</td>
<td>com_crm_qa_test.LoginPageTest@6c3708b3</td></tr>
<tr>
<td title='com_crm_qa_test.LoginPageTest.loginTest()'><b>loginTest</b><br>Test class: com_crm_qa_test.LoginPageTest</td>
<td></td>
<td>0</td>
<td>com_crm_qa_test.LoginPageTest@6c3708b3</td></tr>
<tr>
<td title='com_crm_qa_test.ContactPageTest.selectMultipleContactsTest()'><b>selectMultipleContactsTest</b><br>Test class: com_crm_qa_test.ContactPageTest</td>
<td></td>
<td>0</td>
<td>com_crm_qa_test.ContactPageTest@3e9b1010</td></tr>
<tr>
<td title='com_crm_qa_test.ContactPageTest.selectSingleContactsTest()'><b>selectSingleContactsTest</b><br>Test class: com_crm_qa_test.ContactPageTest</td>
<td></td>
<td>0</td>
<td>com_crm_qa_test.ContactPageTest@3e9b1010</td></tr>
<tr>
<td title='com_crm_qa_test.ContactPageTest.validateCreateNewContact()'><b>validateCreateNewContact</b><br>Test class: com_crm_qa_test.ContactPageTest</td>
<td><div><pre>java.lang.RuntimeException: java.lang.NullPointerException
	at java.util.concurrent.FutureTask.run(Unknown Source)
	at java.util.concurrent.ThreadPoolExecutor.runWorker(Unknown Source)
	at java.util.concurrent.ThreadPoolExecutor$Worker.run(Unknown Source)
	at java.lang.Thread.run(Unknown Source)
Caused by: java.lang.NullPointerException
	at org.apache.poi.poifs.filesystem.FileMagic.prepareToCheckMagic(FileMagic.java:148)
	at org.apache.poi.ss.usermodel.WorkbookFactory.create(WorkbookFactory.java:175)
	at org.apache.poi.ss.usermodel.WorkbookFactory.create(WorkbookFactory.java:149)
	at com_crm_qa_util.Test_Util.getTestData(Test_Util.java:49)
	at com_crm_qa_test.ContactPageTest.getCRMTestData(ContactPageTest.java:71)
	... 16 more
... Removed 19 stack frames</pre></div><a href='#' onClick='toggleBox("stack-trace1711884009", this, "Click to show all stack frames", "Click to hide stack frames")'>Click to show all stack frames</a>
<div class='stack-trace' id='stack-trace1711884009'><pre>java.lang.RuntimeException: java.lang.NullPointerException
	at org.testng.internal.MethodInvocationHelper.invokeDataProvider(MethodInvocationHelper.java:143)
	at org.testng.internal.Parameters.handleParameters(Parameters.java:426)
	at org.testng.internal.Invoker.handleParameters(Invoker.java:1383)
	at org.testng.internal.Invoker.createParameters(Invoker.java:1075)
	at org.testng.internal.Invoker.invokeTestMethods(Invoker.java:1180)
	at org.testng.internal.TestMethodWorker.invokeTestMethods(TestMethodWorker.java:127)
	at org.testng.internal.TestMethodWorker.run(TestMethodWorker.java:111)
	at org.testng.TestRunner.privateRun(TestRunner.java:767)
	at org.testng.TestRunner.run(TestRunner.java:617)
	at org.testng.SuiteRunner.runTest(SuiteRunner.java:334)
	at org.testng.SuiteRunner.access$000(SuiteRunner.java:37)
	at org.testng.SuiteRunner$SuiteWorker.run(SuiteRunner.java:368)
	at org.testng.internal.thread.ThreadUtil$2.call(ThreadUtil.java:64)
	at java.util.concurrent.FutureTask.run(Unknown Source)
	at java.util.concurrent.ThreadPoolExecutor.runWorker(Unknown Source)
	at java.util.concurrent.ThreadPoolExecutor$Worker.run(Unknown Source)
	at java.lang.Thread.run(Unknown Source)
Caused by: java.lang.NullPointerException
	at org.apache.poi.poifs.filesystem.FileMagic.prepareToCheckMagic(FileMagic.java:148)
	at org.apache.poi.ss.usermodel.WorkbookFactory.create(WorkbookFactory.java:175)
	at org.apache.poi.ss.usermodel.WorkbookFactory.create(WorkbookFactory.java:149)
	at com_crm_qa_util.Test_Util.getTestData(Test_Util.java:49)
	at com_crm_qa_test.ContactPageTest.getCRMTestData(ContactPageTest.java:71)
	at sun.reflect.NativeMethodAccessorImpl.invoke0(Native Method)
	at sun.reflect.NativeMethodAccessorImpl.invoke(Unknown Source)
	at sun.reflect.DelegatingMethodAccessorImpl.invoke(Unknown Source)
	at java.lang.reflect.Method.invoke(Unknown Source)
	at org.testng.internal.MethodInvocationHelper.invokeMethod(MethodInvocationHelper.java:80)
	at org.testng.internal.MethodInvocationHelper.invokeDataProvider(MethodInvocationHelper.java:117)
	... 16 more
</pre></div></td>
<td>0</td>
<td>com_crm_qa_test.ContactPageTest@3e9b1010</td></tr>
<tr>
<td title='com_crm_qa_test.HomePageTest.verifyContactsLinkTest()'><b>verifyContactsLinkTest</b><br>Test class: com_crm_qa_test.HomePageTest</td>
<td></td>
<td>0</td>
<td>com_crm_qa_test.HomePageTest@56235b8e</td></tr>
<tr>
<td title='com_crm_qa_test.ContactPageTest.verifyContactsPageLabel()'><b>verifyContactsPageLabel</b><br>Test class: com_crm_qa_test.ContactPageTest</td>
<td></td>
<td>0</td>
<td>com_crm_qa_test.ContactPageTest@3e9b1010</td></tr>
<tr>
<td title='com_crm_qa_test.HomePageTest.verifyHomePageTitleTest()'><b>verifyHomePageTitleTest</b><br>Test class: com_crm_qa_test.HomePageTest</td>
<td></td>
<td>0</td>
<td>com_crm_qa_test.HomePageTest@56235b8e</td></tr>
<tr>
<td title='com_crm_qa_test.HomePageTest.verifyUserNameTest()'><b>verifyUserNameTest</b><br>Test class: com_crm_qa_test.HomePageTest</td>
<td></td>
<td>0</td>
<td>com_crm_qa_test.HomePageTest@56235b8e</td></tr>
</table><p>
</body>
</html>