<?xml version="1.0" encoding="UTF-8"?>
<!-- Generated by org.testng.reporters.JUnitXMLReporter -->
<testsuite hostname="Parag-PC" ignored="0" name="FBtestcases" tests="6" failures="3" timestamp="25 Mar 2018 17:19:19 GMT" time="251.959" errors="0">
  <testcase name="UsernameonPageTest" time="1.179" classname="Com_FB_Qa_Test.HomePageTest"/>
  <testcase name="LoginPageTitletest" time="0.042" classname="Com_FB_Qa_Test.LoginPageTest">
    <failure type="java.lang.AssertionError" message="expected [Facebook � log in or sign up] but found [Facebook – log in or sign up]">
      <![CDATA[java.lang.AssertionError: expected [Facebook � log in or sign up] but found [Facebook – log in or sign up]
	at Com_FB_Qa_Test.LoginPageTest.LoginPageTitletest(LoginPageTest.java:35)
	at java.util.concurrent.FutureTask.run(Unknown Source)
	at java.util.concurrent.ThreadPoolExecutor.runWorker(Unknown Source)
	at java.util.concurrent.ThreadPoolExecutor$Worker.run(Unknown Source)
	at java.lang.Thread.run(Unknown Source)
... Removed 22 stack frames]]>
    </failure>
  </testcase> <!-- LoginPageTitletest -->
  <testcase name="clickonNavigation" time="0.733" classname="Com_FB_Qa_Test.HomePageTest"/>
  <testcase name="givecredentials" time="12.189" classname="Com_FB_Qa_Test.LoginPageTest"/>
  <testcase name="Logout" time="30.357" classname="Com_FB_Qa_Test.HomePageTest">
    <failure type="org.openqa.selenium.NoSuchElementException" message="Unable to locate element: //span[contains (text(), &amp;apos;Log Out&amp;apos;)]
For documentation on this error, please visit: http://seleniumhq.org/exceptions/no_such_element.html
Build info: version: &amp;apos;3.5.3&amp;apos;, revision: &amp;apos;a88d25fe6b&amp;apos;, time: &amp;apos;2017-08-29T12:42:44.417Z&amp;apos;
System info: host: &amp;apos;PARAG-PC&amp;apos;, ip: &amp;apos;192.168.1.206&amp;apos;, os.name: &amp;apos;Windows 7&amp;apos;, os.arch: &amp;apos;amd64&amp;apos;, os.version: &amp;apos;6.1&amp;apos;, java.version: &amp;apos;1.8.0_151&amp;apos;
Driver info: org.openqa.selenium.firefox.FirefoxDriver
Capabilities [{moz:profile=C:\Users\Parag\AppData\Local\Temp\rust_mozprofile.2zoWJfr9pmwk, rotatable=false, timeouts={implicit=0, pageLoad=300000, script=30000}, pageLoadStrategy=normal, platform=XP, specificationLevel=0, moz:accessibilityChecks=false, acceptInsecureCerts=false, browserVersion=54.0.1, platformVersion=6.1, moz:processID=7304, browserName=firefox, javascriptEnabled=true, platformName=XP}]
Session ID: d61e920f-4773-49b7-bb39-091d927f2d04
*** Element info: {Using=xpath, value=//span[contains (text(), &amp;apos;Log Out&amp;apos;)]}">
      <![CDATA[org.openqa.selenium.NoSuchElementException: Unable to locate element: //span[contains (text(), 'Log Out')]
For documentation on this error, please visit: http://seleniumhq.org/exceptions/no_such_element.html
Build info: version: '3.5.3', revision: 'a88d25fe6b', time: '2017-08-29T12:42:44.417Z'
System info: host: 'PARAG-PC', ip: '192.168.1.206', os.name: 'Windows 7', os.arch: 'amd64', os.version: '6.1', java.version: '1.8.0_151'
Driver info: org.openqa.selenium.firefox.FirefoxDriver
Capabilities [{moz:profile=C:\Users\Parag\AppData\Local\Temp\rust_mozprofile.2zoWJfr9pmwk, rotatable=false, timeouts={implicit=0, pageLoad=300000, script=30000}, pageLoadStrategy=normal, platform=XP, specificationLevel=0, moz:accessibilityChecks=false, acceptInsecureCerts=false, browserVersion=54.0.1, platformVersion=6.1, moz:processID=7304, browserName=firefox, javascriptEnabled=true, platformName=XP}]
Session ID: d61e920f-4773-49b7-bb39-091d927f2d04
*** Element info: {Using=xpath, value=//span[contains (text(), 'Log Out')]}
	at org.openqa.selenium.remote.http.W3CHttpResponseCodec.createException(W3CHttpResponseCodec.java:185)
	at org.openqa.selenium.remote.http.W3CHttpResponseCodec.decode(W3CHttpResponseCodec.java:120)
	at org.openqa.selenium.remote.http.W3CHttpResponseCodec.decode(W3CHttpResponseCodec.java:49)
	at org.openqa.selenium.remote.HttpCommandExecutor.execute(HttpCommandExecutor.java:164)
	at org.openqa.selenium.remote.service.DriverCommandExecutor.execute(DriverCommandExecutor.java:82)
	at org.openqa.selenium.remote.RemoteWebDriver.execute(RemoteWebDriver.java:646)
	at org.openqa.selenium.remote.RemoteWebDriver.findElement(RemoteWebDriver.java:416)
	at org.openqa.selenium.remote.RemoteWebDriver.findElementByXPath(RemoteWebDriver.java:518)
	at org.openqa.selenium.By$ByXPath.findElement(By.java:361)
	at org.openqa.selenium.remote.RemoteWebDriver.findElement(RemoteWebDriver.java:408)
	at org.openqa.selenium.support.pagefactory.DefaultElementLocator.findElement(DefaultElementLocator.java:69)
	at org.openqa.selenium.support.pagefactory.internal.LocatingElementHandler.invoke(LocatingElementHandler.java:38)
	at com.sun.proxy.$Proxy10.click(Unknown Source)
	at com_FB_Qa_pages.HomePage.clickonLogout(HomePage.java:44)
	at Com_FB_Qa_Test.HomePageTest.Logout(HomePageTest.java:58)
	at java.util.concurrent.FutureTask.run(Unknown Source)
	at java.util.concurrent.ThreadPoolExecutor.runWorker(Unknown Source)
	at java.util.concurrent.ThreadPoolExecutor$Worker.run(Unknown Source)
	at java.lang.Thread.run(Unknown Source)
... Removed 20 stack frames]]>
    </failure>
  </testcase> <!-- Logout -->
  <testcase name="LogoutTitle" time="2.022" classname="Com_FB_Qa_Test.HomePageTest">
    <failure type="java.lang.AssertionError" message="expected [Logout] but found [(21) Facebook]">
      <![CDATA[java.lang.AssertionError: expected [Logout] but found [(21) Facebook]
	at Com_FB_Qa_Test.HomePageTest.LogoutTitle(HomePageTest.java:67)
	at java.util.concurrent.FutureTask.run(Unknown Source)
	at java.util.concurrent.ThreadPoolExecutor.runWorker(Unknown Source)
	at java.util.concurrent.ThreadPoolExecutor$Worker.run(Unknown Source)
	at java.lang.Thread.run(Unknown Source)
... Removed 22 stack frames]]>
    </failure>
  </testcase> <!-- LogoutTitle -->
</testsuite> <!-- FBtestcases -->
