<!DOCTYPE html PUBLIC "-//W3C//DTD XHTML 1.1//EN" "http://www.w3.org/TR/xhtml11/DTD/xhtml11.dtd">
<html xmlns="http://www.w3.org/1999/xhtml"><head><title>TestNG Report</title><style type="text/css">table {margin-bottom:10px;border-collapse:collapse;empty-cells:show}th,td {border:1px solid #009;padding:.25em .5em}th {vertical-align:bottom}td {vertical-align:top}table a {font-weight:bold}.stripe td {background-color: #E6EBF9}.num {text-align:right}.passedodd td {background-color: #3F3}.passedeven td {background-color: #0A0}.skippedodd td {background-color: #DDD}.skippedeven td {background-color: #CCC}.failedodd td,.attn {background-color: #F33}.failedeven td,.stripe .attn {background-color: #D00}.stacktrace {white-space:pre;font-family:monospace}.totop {font-size:85%;text-align:center;border-bottom:2px solid #000}</style></head><body><table><tr><th>Test</th><th># Passed</th><th># Skipped</th><th># Failed</th><th>Time (ms)</th><th>Included Groups</th><th>Excluded Groups</th></tr><tr><th colspan="7">FBtest</th></tr><tr><td><a href="#t0">FBtestcases</a></td><td class="num">3</td><td class="num">0</td><td class="num attn">3</td><td class="num">251,959</td><td></td><td></td></tr></table><table id='summary'><thead><tr><th>Class</th><th>Method</th><th>Start</th><th>Time (ms)</th></tr></thead><tbody><tr><th colspan="4">FBtest</th></tr></tbody><tbody id="t0"><tr><th colspan="4">FBtestcases &#8212; failed</th></tr><tr class="failedeven"><td rowspan="2">Com_FB_Qa_Test.HomePageTest</td><td><a href="#m0">Logout</a></td><td rowspan="1">1521998289462</td><td rowspan="1">30357</td></tr><tr class="failedeven"><td><a href="#m1">LogoutTitle</a></td><td rowspan="1">1521998355665</td><td rowspan="1">2022</td></tr><tr class="failedodd"><td rowspan="1">Com_FB_Qa_Test.LoginPageTest</td><td><a href="#m2">LoginPageTitletest</a></td><td rowspan="1">1521998182875</td><td rowspan="1">42</td></tr><tr><th colspan="4">FBtestcases &#8212; passed</th></tr><tr class="passedeven"><td rowspan="2">Com_FB_Qa_Test.HomePageTest</td><td><a href="#m3">UsernameonPageTest</a></td><td rowspan="1">1521998155946</td><td rowspan="1">1179</td></tr><tr class="passedeven"><td><a href="#m4">clickonNavigation</a></td><td rowspan="1">1521998217924</td><td rowspan="1">733</td></tr><tr class="passedodd"><td rowspan="1">Com_FB_Qa_Test.LoginPageTest</td><td><a href="#m5">givecredentials</a></td><td rowspan="1">1521998239711</td><td rowspan="1">12189</td></tr></tbody></table><h2>FBtestcases</h2><h3 id="m0">Com_FB_Qa_Test.HomePageTest#Logout</h3><table class="result"><tr><th>Exception</th></tr><tr><td><div class="stacktrace">org.openqa.selenium.NoSuchElementException: Unable to locate element: //span[contains (text(), &apos;Log Out&apos;)]
For documentation on this error, please visit: http://seleniumhq.org/exceptions/no_such_element.html
Build info: version: &apos;3.5.3&apos;, revision: &apos;a88d25fe6b&apos;, time: &apos;2017-08-29T12:42:44.417Z&apos;
System info: host: &apos;PARAG-PC&apos;, ip: &apos;192.168.1.206&apos;, os.name: &apos;Windows 7&apos;, os.arch: &apos;amd64&apos;, os.version: &apos;6.1&apos;, java.version: &apos;1.8.0_151&apos;
Driver info: org.openqa.selenium.firefox.FirefoxDriver
Capabilities [{moz:profile=C:\Users\Parag\AppData\Local\Temp\rust_mozprofile.2zoWJfr9pmwk, rotatable=false, timeouts={implicit=0, pageLoad=300000, script=30000}, pageLoadStrategy=normal, platform=XP, specificationLevel=0, moz:accessibilityChecks=false, acceptInsecureCerts=false, browserVersion=54.0.1, platformVersion=6.1, moz:processID=7304, browserName=firefox, javascriptEnabled=true, platformName=XP}]
Session ID: d61e920f-4773-49b7-bb39-091d927f2d04
*** Element info: {Using=xpath, value=//span[contains (text(), &apos;Log Out&apos;)]}
	at org.openqa.selenium.remote.http.W3CHttpResponseCodec.createException(W3CHttpResponseCodec.java:185)
	at org.openqa.selenium.remote.http.W3CHttpResponseCodec.decode(W3CHttpResponseCodec.java:120)
	at org.openqa.selenium.remote.http.W3CHttpResponseCodec.decode(W3CHttpResponseCodec.java:49)
	at org.openqa.selenium.remote.HttpCommandExecutor.execute(HttpCommandExecutor.java:164)
	at org.openqa.selenium.remote.service.DriverCommandExecutor.execute(DriverCommandExecutor.java:82)
	at org.openqa.selenium.remote.RemoteWebDriver.execute(RemoteWebDriver.java:646)
	at org.openqa.selenium.remote.RemoteWebDriver.findElement(RemoteWebDriver.java:416)
	at org.openqa.selenium.remote.RemoteWebDriver.findElementByXPath(RemoteWebDriver.java:518)
	at org.openqa.selenium.By$ByXPath.findElement(By.java:361)
	at org.openqa.selenium.remote.RemoteWebDriver.findElement(RemoteWebDriver.java:408)
	at org.openqa.selenium.support.pagefactory.DefaultElementLocator.findElement(DefaultElementLocator.java:69)
	at org.openqa.selenium.support.pagefactory.internal.LocatingElementHandler.invoke(LocatingElementHandler.java:38)
	at com.sun.proxy.$Proxy10.click(Unknown Source)
	at com_FB_Qa_pages.HomePage.clickonLogout(HomePage.java:44)
	at Com_FB_Qa_Test.HomePageTest.Logout(HomePageTest.java:58)
	at java.util.concurrent.FutureTask.run(Unknown Source)
	at java.util.concurrent.ThreadPoolExecutor.runWorker(Unknown Source)
	at java.util.concurrent.ThreadPoolExecutor$Worker.run(Unknown Source)
	at java.lang.Thread.run(Unknown Source)
... Removed 20 stack frames</div></td></tr></table><p class="totop"><a href="#summary">back to summary</a></p><h3 id="m1">Com_FB_Qa_Test.HomePageTest#LogoutTitle</h3><table class="result"><tr><th>Exception</th></tr><tr><td><div class="stacktrace">java.lang.AssertionError: expected [Logout] but found [(21) Facebook]
	at Com_FB_Qa_Test.HomePageTest.LogoutTitle(HomePageTest.java:67)
	at java.util.concurrent.FutureTask.run(Unknown Source)
	at java.util.concurrent.ThreadPoolExecutor.runWorker(Unknown Source)
	at java.util.concurrent.ThreadPoolExecutor$Worker.run(Unknown Source)
	at java.lang.Thread.run(Unknown Source)
... Removed 22 stack frames</div></td></tr></table><p class="totop"><a href="#summary">back to summary</a></p><h3 id="m2">Com_FB_Qa_Test.LoginPageTest#LoginPageTitletest</h3><table class="result"><tr><th>Exception</th></tr><tr><td><div class="stacktrace">java.lang.AssertionError: expected [Facebook ? log in or sign up] but found [Facebook – log in or sign up]
	at Com_FB_Qa_Test.LoginPageTest.LoginPageTitletest(LoginPageTest.java:35)
	at java.util.concurrent.FutureTask.run(Unknown Source)
	at java.util.concurrent.ThreadPoolExecutor.runWorker(Unknown Source)
	at java.util.concurrent.ThreadPoolExecutor$Worker.run(Unknown Source)
	at java.lang.Thread.run(Unknown Source)
... Removed 22 stack frames</div></td></tr></table><p class="totop"><a href="#summary">back to summary</a></p><h3 id="m3">Com_FB_Qa_Test.HomePageTest#UsernameonPageTest</h3><table class="result"></table><p class="totop"><a href="#summary">back to summary</a></p><h3 id="m4">Com_FB_Qa_Test.HomePageTest#clickonNavigation</h3><table class="result"></table><p class="totop"><a href="#summary">back to summary</a></p><h3 id="m5">Com_FB_Qa_Test.LoginPageTest#givecredentials</h3><table class="result"></table><p class="totop"><a href="#summary">back to summary</a></p></body></html>